0 verbose cli /usr/local/bin/node /usr/local/lib/node_modules/npm/bin/npm-cli.js
1 info using npm@11.6.2
2 info using node@v24.11.1
3 silly config load:file:/usr/local/lib/node_modules/npm/npmrc
4 silly config load:file:/Users/johannesmenzel/school planer/.npmrc
5 silly config load:file:/Users/johannesmenzel/.npmrc
6 silly config load:file:/usr/local/etc/npmrc
7 verbose title npm exec create-next-app@latest schulplaner --ts --tailwind --eslint --app --src-dir --import-alias @/* --use-npm
8 verbose argv "exec" "--" "create-next-app@latest" "schulplaner" "--ts" "--tailwind" "--eslint" "--app" "--src-dir" "--import-alias" "@/*" "--use-npm"
9 verbose logfile logs-max:10 dir:/Users/johannesmenzel/school planer/.npm-cache/_logs/2025-11-19T14_37_21_879Z-
10 verbose logfile /Users/johannesmenzel/school planer/.npm-cache/_logs/2025-11-19T14_37_21_879Z-debug-0.log
11 silly logfile done cleaning log files
12 silly packumentCache heap:4496293888 maxSize:1124073472 maxEntrySize:562036736
13 http fetch GET 200 https://registry.npmjs.org/create-next-app 117ms (cache revalidated)
14 silly packumentCache heap:4496293888 maxSize:1124073472 maxEntrySize:562036736
15 silly packumentCache heap:4496293888 maxSize:1124073472 maxEntrySize:562036736
16 warn exec The following package was not found and will be installed: create-next-app@16.0.3
17 silly idealTree buildDeps
18 silly fetch manifest create-next-app@16.0.3
19 silly packumentCache full:https://registry.npmjs.org/create-next-app cache-miss
20 http cache https://registry.npmjs.org/create-next-app 11ms (cache hit)
21 silly packumentCache full:https://registry.npmjs.org/create-next-app set size:8924036 disposed:false
22 silly placeDep ROOT create-next-app@16.0.3 OK for:  want: 16.0.3
23 silly reify moves {}
24 silly audit bulk request { 'create-next-app': [ '16.0.3' ] }
25 http cache create-next-app@https://registry.npmjs.org/create-next-app/-/create-next-app-16.0.3.tgz 0ms (cache hit)
26 http fetch POST 200 https://registry.npmjs.org/-/npm/v1/security/advisories/bulk 223ms
27 silly audit report {}
28 verbose cwd /Users/johannesmenzel/school planer
29 verbose os Darwin 25.1.0
30 verbose node v24.11.1
31 verbose npm  v11.6.2
32 verbose exit 0
33 info ok
