0 verbose cli /usr/local/bin/node /usr/local/lib/node_modules/npm/bin/npm-cli.js
1 info using npm@11.6.2
2 info using node@v24.11.1
3 silly config load:file:/usr/local/lib/node_modules/npm/npmrc
4 silly config load:file:/Users/johannesmenzel/school planer/.npmrc
5 silly config load:file:/Users/johannesmenzel/.npmrc
6 silly config load:file:/usr/local/etc/npmrc
7 verbose title npm exec create-next-app@latest schulplaner --ts --tailwind --eslint --app --src-dir --import-alias @/* --use-npm --use-react-compiler
8 verbose argv "exec" "--" "create-next-app@latest" "schulplaner" "--ts" "--tailwind" "--eslint" "--app" "--src-dir" "--import-alias" "@/*" "--use-npm" "--use-react-compiler"
9 verbose logfile logs-max:10 dir:/Users/johannesmenzel/school planer/.npm-cache/_logs/2025-11-19T14_37_28_188Z-
10 verbose logfile /Users/johannesmenzel/school planer/.npm-cache/_logs/2025-11-19T14_37_28_188Z-debug-0.log
11 silly logfile done cleaning log files
12 silly packumentCache heap:4496293888 maxSize:1124073472 maxEntrySize:562036736
13 http fetch GET 200 https://registry.npmjs.org/create-next-app 119ms (cache revalidated)
14 silly packumentCache heap:4496293888 maxSize:1124073472 maxEntrySize:562036736
15 silly packumentCache heap:4496293888 maxSize:1124073472 maxEntrySize:562036736
16 verbose cwd /Users/johannesmenzel/school planer
17 verbose os Darwin 25.1.0
18 verbose node v24.11.1
19 verbose npm  v11.6.2
20 verbose exit 0
21 info ok
