0 verbose cli /usr/local/bin/node /usr/local/lib/node_modules/npm/bin/npm-cli.js
1 info using npm@11.6.2
2 info using node@v24.11.1
3 silly config load:file:/usr/local/lib/node_modules/npm/npmrc
4 silly config load:file:/Users/johannesmenzel/school planer/.npmrc
5 silly config load:file:/Users/johannesmenzel/.npmrc
6 silly config load:file:/usr/local/etc/npmrc
7 verbose title npm exec create-next-app schulplaner
8 verbose argv "exec" "--" "create-next-app" "schulplaner"
9 verbose logfile logs-max:10 dir:/Users/johannesmenzel/school planer/.npm-cache/_logs/2025-11-19T14_36_50_515Z-
10 verbose logfile /Users/johannesmenzel/school planer/.npm-cache/_logs/2025-11-19T14_36_50_515Z-debug-0.log
11 silly logfile done cleaning log files
12 silly packumentCache heap:4496293888 maxSize:1124073472 maxEntrySize:562036736
13 http fetch GET 200 https://registry.npmjs.org/create-next-app 315ms (cache miss)
14 silly packumentCache heap:4496293888 maxSize:1124073472 maxEntrySize:562036736
15 silly packumentCache heap:4496293888 maxSize:1124073472 maxEntrySize:562036736
16 warn exec The following package was not found and will be installed: create-next-app@16.0.3
17 silly idealTree buildDeps
18 silly fetch manifest create-next-app@16.0.3
19 silly packumentCache full:https://registry.npmjs.org/create-next-app cache-miss
20 http fetch GET 200 https://registry.npmjs.org/create-next-app 145ms (cache miss)
21 silly packumentCache full:https://registry.npmjs.org/create-next-app set size:undefined disposed:false
22 silly placeDep ROOT create-next-app@16.0.3 OK for:  want: 16.0.3
23 silly reify moves {}
24 silly audit bulk request { 'create-next-app': [ '16.0.3' ] }
25 http cache create-next-app@https://registry.npmjs.org/create-next-app/-/create-next-app-16.0.3.tgz 0ms (cache hit)
26 silly tarball no local data for create-next-app@https://registry.npmjs.org/create-next-app/-/create-next-app-16.0.3.tgz. Extracting by manifest.
27 http fetch GET 200 https://registry.npmjs.org/create-next-app/-/create-next-app-16.0.3.tgz 157ms (cache miss)
28 http fetch POST 200 https://registry.npmjs.org/-/npm/v1/security/advisories/bulk 246ms
29 silly audit report {}
30 verbose cwd /Users/johannesmenzel/school planer
31 verbose os Darwin 25.1.0
32 verbose node v24.11.1
33 verbose npm  v11.6.2
34 verbose exit 0
35 info ok
